<?xml version="1.0" encoding="UTF-8"?>
<coverage generated="1544717072">
  <project timestamp="1544717072">
    <package name="BrekiTomasson\Kew\Exceptions">
      <file name="C:\Users\BTomasson\Desktop\Lab\Kew\src\Exceptions\KewIsEmpty.php">
        <class name="BrekiTomasson\Kew\Exceptions\KewIsEmpty" namespace="BrekiTomasson\Kew\Exceptions">
          <metrics complexity="0" methods="0" coveredmethods="0" conditionals="0" coveredconditionals="0" statements="0" coveredstatements="0" elements="0" coveredelements="0"/>
        </class>
        <metrics loc="11" ncloc="11" classes="0" methods="0" coveredmethods="0" conditionals="0" coveredconditionals="0" statements="0" coveredstatements="0" elements="0" coveredelements="0"/>
      </file>
      <file name="C:\Users\BTomasson\Desktop\Lab\Kew\src\Exceptions\KewOperationNotPermitted.php">
        <class name="BrekiTomasson\Kew\Exceptions\KewOperationNotPermitted" namespace="BrekiTomasson\Kew\Exceptions">
          <metrics complexity="0" methods="0" coveredmethods="0" conditionals="0" coveredconditionals="0" statements="0" coveredstatements="0" elements="0" coveredelements="0"/>
        </class>
        <metrics loc="11" ncloc="11" classes="0" methods="0" coveredmethods="0" conditionals="0" coveredconditionals="0" statements="0" coveredstatements="0" elements="0" coveredelements="0"/>
      </file>
      <file name="C:\Users\BTomasson\Desktop\Lab\Kew\src\Exceptions\KewTypeInvalid.php">
        <class name="BrekiTomasson\Kew\Exceptions\KewTypeInvalid" namespace="BrekiTomasson\Kew\Exceptions">
          <metrics complexity="0" methods="0" coveredmethods="0" conditionals="0" coveredconditionals="0" statements="0" coveredstatements="0" elements="0" coveredelements="0"/>
        </class>
        <metrics loc="10" ncloc="10" classes="0" methods="0" coveredmethods="0" conditionals="0" coveredconditionals="0" statements="0" coveredstatements="0" elements="0" coveredelements="0"/>
      </file>
    </package>
    <package name="BrekiTomasson\Kew">
      <file name="C:\Users\BTomasson\Desktop\Lab\Kew\src\Kew.php">
        <class name="BrekiTomasson\Kew\Kew" namespace="BrekiTomasson\Kew" fullPackage="BrekiTomasson" package="BrekiTomasson">
          <metrics complexity="37" methods="17" coveredmethods="17" conditionals="0" coveredconditionals="0" statements="57" coveredstatements="57" elements="74" coveredelements="74"/>
        </class>
        <line num="47" type="method" name="__construct" visibility="public" complexity="3" crap="3" count="61"/>
        <line num="49" type="stmt" count="61"/>
        <line num="50" type="stmt" count="2"/>
        <line num="53" type="stmt" count="61"/>
        <line num="54" type="stmt" count="1"/>
        <line num="55" type="stmt" count="1"/>
        <line num="60" type="stmt" count="61"/>
        <line num="65" type="method" name="setOption" visibility="public" complexity="3" crap="3" count="2"/>
        <line num="67" type="stmt" count="2"/>
        <line num="68" type="stmt" count="2"/>
        <line num="69" type="stmt" count="2"/>
        <line num="72" type="stmt" count="2"/>
        <line num="79" type="method" name="getOption" visibility="public" complexity="2" crap="2" count="61"/>
        <line num="81" type="stmt" count="61"/>
        <line num="82" type="stmt" count="61"/>
        <line num="85" type="stmt" count="1"/>
        <line num="97" type="method" name="add" visibility="public" complexity="2" crap="2" count="56"/>
        <line num="99" type="stmt" count="56"/>
        <line num="100" type="stmt" count="56"/>
        <line num="102" type="stmt" count="56"/>
        <line num="103" type="stmt" count="32"/>
        <line num="105" type="stmt" count="56"/>
        <line num="110" type="method" name="bottom" visibility="public" complexity="1" crap="1" count="2"/>
        <line num="112" type="stmt" count="2"/>
        <line num="119" type="method" name="get" visibility="public" complexity="3" crap="3" count="47"/>
        <line num="123" type="stmt" count="47"/>
        <line num="125" type="stmt" count="47"/>
        <line num="126" type="stmt" count="1"/>
        <line num="129" type="stmt" count="46"/>
        <line num="130" type="stmt" count="1"/>
        <line num="132" type="stmt" count="1"/>
        <line num="139" type="method" name="isEmpty" visibility="public" complexity="1" crap="1" count="57"/>
        <line num="141" type="stmt" count="57"/>
        <line num="147" type="method" name="last" visibility="public" complexity="1" crap="1" count="7"/>
        <line num="149" type="stmt" count="7"/>
        <line num="156" type="method" name="next" visibility="public" complexity="2" crap="2" count="27"/>
        <line num="159" type="stmt" count="27"/>
        <line num="160" type="stmt" count="26"/>
        <line num="163" type="stmt" count="1"/>
        <line num="170" type="method" name="pop" visibility="public" complexity="1" crap="1" count="10"/>
        <line num="172" type="stmt" count="10"/>
        <line num="178" type="method" name="size" visibility="public" complexity="2" crap="2" count="57"/>
        <line num="180" type="stmt" count="57"/>
        <line num="189" type="method" name="top" visibility="public" complexity="1" crap="1" count="5"/>
        <line num="191" type="stmt" count="5"/>
        <line num="200" type="method" name="push" visibility="public" complexity="2" crap="2" count="5"/>
        <line num="202" type="stmt" count="5"/>
        <line num="204" type="stmt" count="5"/>
        <line num="205" type="stmt" count="5"/>
        <line num="207" type="stmt" count="5"/>
        <line num="216" type="method" name="addMany" visibility="protected" complexity="2" crap="2" count="37"/>
        <line num="218" type="stmt" count="37"/>
        <line num="219" type="stmt" count="37"/>
        <line num="221" type="stmt" count="37"/>
        <line num="226" type="method" name="prepareNextFIFO" visibility="protected" complexity="4" crap="4" count="47"/>
        <line num="228" type="stmt" count="47"/>
        <line num="230" type="stmt" count="47"/>
        <line num="231" type="stmt" count="46"/>
        <line num="234" type="stmt" count="47"/>
        <line num="235" type="stmt" count="46"/>
        <line num="237" type="stmt" count="11"/>
        <line num="240" type="stmt" count="47"/>
        <line num="248" type="method" name="setKewType" visibility="protected" complexity="6" crap="6" count="56"/>
        <line num="250" type="stmt" count="56"/>
        <line num="251" type="stmt" count="56"/>
        <line num="252" type="stmt" count="56"/>
        <line num="253" type="stmt" count="54"/>
        <line num="254" type="stmt" count="5"/>
        <line num="256" type="stmt" count="56"/>
        <line num="261" type="method" name="updateKew" visibility="protected" complexity="1" crap="1" count="56"/>
        <line num="263" type="stmt" count="56"/>
        <line num="264" type="stmt" count="56"/>
        <line num="265" type="stmt" count="56"/>
        <line num="266" type="stmt" count="56"/>
        <metrics loc="268" ncloc="174" classes="1" methods="17" coveredmethods="17" conditionals="0" coveredconditionals="0" statements="57" coveredstatements="57" elements="74" coveredelements="74"/>
      </file>
    </package>
    <file name="C:\Users\BTomasson\Desktop\Lab\Kew\src\KewInterface.php">
      <metrics loc="47" ncloc="24" classes="0" methods="0" coveredmethods="0" conditionals="0" coveredconditionals="0" statements="0" coveredstatements="0" elements="0" coveredelements="0"/>
    </file>
    <metrics files="5" loc="347" ncloc="230" classes="1" methods="17" coveredmethods="17" conditionals="0" coveredconditionals="0" statements="57" coveredstatements="57" elements="74" coveredelements="74"/>
  </project>
</coverage>
