<?xml version="1.0" encoding="UTF-8"?>
<testsuites>
  <testsuite name="Kew" tests="61" assertions="131" errors="0" failures="0" skipped="0" time="0.425529">
    <testsuite name="BrekiTomasson\KewTest\KewTest" file="C:\Users\BTomasson\Desktop\Lab\Kew\test\KewTest.php" tests="61" assertions="131" errors="0" failures="0" skipped="0" time="0.425529">
      <testcase name="testCanBeCreated" class="BrekiTomasson\KewTest\KewTest" classname="BrekiTomasson.KewTest.KewTest" file="C:\Users\BTomasson\Desktop\Lab\Kew\test\KewTest.php" line="19" assertions="1" time="0.014165"/>
      <testsuite name="BrekiTomasson\KewTest\KewTest::testGetFirstValue" tests="5" assertions="10" errors="0" failures="0" skipped="0" time="0.034289">
        <testcase name="testGetFirstValue with data set &quot;integers&quot;" class="BrekiTomasson\KewTest\KewTest" classname="BrekiTomasson.KewTest.KewTest" file="C:\Users\BTomasson\Desktop\Lab\Kew\test\KewTest.php" line="38" assertions="2" time="0.007081"/>
        <testcase name="testGetFirstValue with data set &quot;floats&quot;" class="BrekiTomasson\KewTest\KewTest" classname="BrekiTomasson.KewTest.KewTest" file="C:\Users\BTomasson\Desktop\Lab\Kew\test\KewTest.php" line="38" assertions="2" time="0.007193"/>
        <testcase name="testGetFirstValue with data set &quot;strings&quot;" class="BrekiTomasson\KewTest\KewTest" classname="BrekiTomasson.KewTest.KewTest" file="C:\Users\BTomasson\Desktop\Lab\Kew\test\KewTest.php" line="38" assertions="2" time="0.006380"/>
        <testcase name="testGetFirstValue with data set &quot;arrays&quot;" class="BrekiTomasson\KewTest\KewTest" classname="BrekiTomasson.KewTest.KewTest" file="C:\Users\BTomasson\Desktop\Lab\Kew\test\KewTest.php" line="38" assertions="2" time="0.007416"/>
        <testcase name="testGetFirstValue with data set &quot;objects&quot;" class="BrekiTomasson\KewTest\KewTest" classname="BrekiTomasson.KewTest.KewTest" file="C:\Users\BTomasson\Desktop\Lab\Kew\test\KewTest.php" line="38" assertions="2" time="0.006219"/>
      </testsuite>
      <testsuite name="BrekiTomasson\KewTest\KewTest::testGetSecondValue" tests="5" assertions="10" errors="0" failures="0" skipped="0" time="0.032921">
        <testcase name="testGetSecondValue with data set &quot;integers&quot;" class="BrekiTomasson\KewTest\KewTest" classname="BrekiTomasson.KewTest.KewTest" file="C:\Users\BTomasson\Desktop\Lab\Kew\test\KewTest.php" line="62" assertions="2" time="0.006606"/>
        <testcase name="testGetSecondValue with data set &quot;floats&quot;" class="BrekiTomasson\KewTest\KewTest" classname="BrekiTomasson.KewTest.KewTest" file="C:\Users\BTomasson\Desktop\Lab\Kew\test\KewTest.php" line="62" assertions="2" time="0.006341"/>
        <testcase name="testGetSecondValue with data set &quot;strings&quot;" class="BrekiTomasson\KewTest\KewTest" classname="BrekiTomasson.KewTest.KewTest" file="C:\Users\BTomasson\Desktop\Lab\Kew\test\KewTest.php" line="62" assertions="2" time="0.006585"/>
        <testcase name="testGetSecondValue with data set &quot;arrays&quot;" class="BrekiTomasson\KewTest\KewTest" classname="BrekiTomasson.KewTest.KewTest" file="C:\Users\BTomasson\Desktop\Lab\Kew\test\KewTest.php" line="62" assertions="2" time="0.006888"/>
        <testcase name="testGetSecondValue with data set &quot;objects&quot;" class="BrekiTomasson\KewTest\KewTest" classname="BrekiTomasson.KewTest.KewTest" file="C:\Users\BTomasson\Desktop\Lab\Kew\test\KewTest.php" line="62" assertions="2" time="0.006501"/>
      </testsuite>
      <testcase name="testIsEmptyTrue" class="BrekiTomasson\KewTest\KewTest" classname="BrekiTomasson.KewTest.KewTest" file="C:\Users\BTomasson\Desktop\Lab\Kew\test\KewTest.php" line="80" assertions="1" time="0.006836"/>
      <testcase name="testIsEmptyFalse" class="BrekiTomasson\KewTest\KewTest" classname="BrekiTomasson.KewTest.KewTest" file="C:\Users\BTomasson\Desktop\Lab\Kew\test\KewTest.php" line="91" assertions="1" time="0.006018"/>
      <testcase name="testAdd" class="BrekiTomasson\KewTest\KewTest" classname="BrekiTomasson.KewTest.KewTest" file="C:\Users\BTomasson\Desktop\Lab\Kew\test\KewTest.php" line="103" assertions="2" time="0.006159"/>
      <testsuite name="BrekiTomasson\KewTest\KewTest::testExceptionAddingDifferentTypes" tests="5" assertions="5" errors="0" failures="0" skipped="0" time="0.037844">
        <testcase name="testExceptionAddingDifferentTypes with data set &quot;strings are not integers&quot;" class="BrekiTomasson\KewTest\KewTest" classname="BrekiTomasson.KewTest.KewTest" file="C:\Users\BTomasson\Desktop\Lab\Kew\test\KewTest.php" line="146" assertions="1" time="0.008527"/>
        <testcase name="testExceptionAddingDifferentTypes with data set &quot;integers are not floats&quot;" class="BrekiTomasson\KewTest\KewTest" classname="BrekiTomasson.KewTest.KewTest" file="C:\Users\BTomasson\Desktop\Lab\Kew\test\KewTest.php" line="146" assertions="1" time="0.007830"/>
        <testcase name="testExceptionAddingDifferentTypes with data set &quot;floats are not strings&quot;" class="BrekiTomasson\KewTest\KewTest" classname="BrekiTomasson.KewTest.KewTest" file="C:\Users\BTomasson\Desktop\Lab\Kew\test\KewTest.php" line="146" assertions="1" time="0.006754"/>
        <testcase name="testExceptionAddingDifferentTypes with data set &quot;arrays are not strings&quot;" class="BrekiTomasson\KewTest\KewTest" classname="BrekiTomasson.KewTest.KewTest" file="C:\Users\BTomasson\Desktop\Lab\Kew\test\KewTest.php" line="146" assertions="1" time="0.007287"/>
        <testcase name="testExceptionAddingDifferentTypes with data set &quot;arrays are not objects&quot;" class="BrekiTomasson\KewTest\KewTest" classname="BrekiTomasson.KewTest.KewTest" file="C:\Users\BTomasson\Desktop\Lab\Kew\test\KewTest.php" line="146" assertions="1" time="0.007446"/>
      </testsuite>
      <testcase name="testBottom" class="BrekiTomasson\KewTest\KewTest" classname="BrekiTomasson.KewTest.KewTest" file="C:\Users\BTomasson\Desktop\Lab\Kew\test\KewTest.php" line="160" assertions="1" time="0.006904"/>
      <testcase name="testSize" class="BrekiTomasson\KewTest\KewTest" classname="BrekiTomasson.KewTest.KewTest" file="C:\Users\BTomasson\Desktop\Lab\Kew\test\KewTest.php" line="172" assertions="2" time="0.006507"/>
      <testsuite name="BrekiTomasson\KewTest\KewTest::testPush" tests="5" assertions="10" errors="0" failures="0" skipped="0" time="0.032849">
        <testcase name="testPush with data set &quot;integers&quot;" class="BrekiTomasson\KewTest\KewTest" classname="BrekiTomasson.KewTest.KewTest" file="C:\Users\BTomasson\Desktop\Lab\Kew\test\KewTest.php" line="195" assertions="2" time="0.006399"/>
        <testcase name="testPush with data set &quot;floats&quot;" class="BrekiTomasson\KewTest\KewTest" classname="BrekiTomasson.KewTest.KewTest" file="C:\Users\BTomasson\Desktop\Lab\Kew\test\KewTest.php" line="195" assertions="2" time="0.006436"/>
        <testcase name="testPush with data set &quot;strings&quot;" class="BrekiTomasson\KewTest\KewTest" classname="BrekiTomasson.KewTest.KewTest" file="C:\Users\BTomasson\Desktop\Lab\Kew\test\KewTest.php" line="195" assertions="2" time="0.006748"/>
        <testcase name="testPush with data set &quot;arrays&quot;" class="BrekiTomasson\KewTest\KewTest" classname="BrekiTomasson.KewTest.KewTest" file="C:\Users\BTomasson\Desktop\Lab\Kew\test\KewTest.php" line="195" assertions="2" time="0.006579"/>
        <testcase name="testPush with data set &quot;objects&quot;" class="BrekiTomasson\KewTest\KewTest" classname="BrekiTomasson.KewTest.KewTest" file="C:\Users\BTomasson\Desktop\Lab\Kew\test\KewTest.php" line="195" assertions="2" time="0.006687"/>
      </testsuite>
      <testcase name="itCanGetOptions" class="BrekiTomasson\KewTest\KewTest" classname="BrekiTomasson.KewTest.KewTest" file="C:\Users\BTomasson\Desktop\Lab\Kew\test\KewTest.php" line="213" assertions="1" time="0.006115"/>
      <testsuite name="BrekiTomasson\KewTest\KewTest::testLast" tests="5" assertions="15" errors="0" failures="0" skipped="0" time="0.033964">
        <testcase name="testLast with data set &quot;integers&quot;" class="BrekiTomasson\KewTest\KewTest" classname="BrekiTomasson.KewTest.KewTest" file="C:\Users\BTomasson\Desktop\Lab\Kew\test\KewTest.php" line="233" assertions="3" time="0.006759"/>
        <testcase name="testLast with data set &quot;floats&quot;" class="BrekiTomasson\KewTest\KewTest" classname="BrekiTomasson.KewTest.KewTest" file="C:\Users\BTomasson\Desktop\Lab\Kew\test\KewTest.php" line="233" assertions="3" time="0.006502"/>
        <testcase name="testLast with data set &quot;strings&quot;" class="BrekiTomasson\KewTest\KewTest" classname="BrekiTomasson.KewTest.KewTest" file="C:\Users\BTomasson\Desktop\Lab\Kew\test\KewTest.php" line="233" assertions="3" time="0.007347"/>
        <testcase name="testLast with data set &quot;arrays&quot;" class="BrekiTomasson\KewTest\KewTest" classname="BrekiTomasson.KewTest.KewTest" file="C:\Users\BTomasson\Desktop\Lab\Kew\test\KewTest.php" line="233" assertions="3" time="0.006977"/>
        <testcase name="testLast with data set &quot;objects&quot;" class="BrekiTomasson\KewTest\KewTest" classname="BrekiTomasson.KewTest.KewTest" file="C:\Users\BTomasson\Desktop\Lab\Kew\test\KewTest.php" line="233" assertions="3" time="0.006379"/>
      </testsuite>
      <testcase name="testLastDoesNotchangeContents" class="BrekiTomasson\KewTest\KewTest" classname="BrekiTomasson.KewTest.KewTest" file="C:\Users\BTomasson\Desktop\Lab\Kew\test\KewTest.php" line="249" assertions="4" time="0.009667"/>
      <testsuite name="BrekiTomasson\KewTest\KewTest::testPop" tests="5" assertions="5" errors="0" failures="0" skipped="0" time="0.036355">
        <testcase name="testPop with data set &quot;integers&quot;" class="BrekiTomasson\KewTest\KewTest" classname="BrekiTomasson.KewTest.KewTest" file="C:\Users\BTomasson\Desktop\Lab\Kew\test\KewTest.php" line="279" assertions="1" time="0.006240"/>
        <testcase name="testPop with data set &quot;floats&quot;" class="BrekiTomasson\KewTest\KewTest" classname="BrekiTomasson.KewTest.KewTest" file="C:\Users\BTomasson\Desktop\Lab\Kew\test\KewTest.php" line="279" assertions="1" time="0.007024"/>
        <testcase name="testPop with data set &quot;strings&quot;" class="BrekiTomasson\KewTest\KewTest" classname="BrekiTomasson.KewTest.KewTest" file="C:\Users\BTomasson\Desktop\Lab\Kew\test\KewTest.php" line="279" assertions="1" time="0.006057"/>
        <testcase name="testPop with data set &quot;arrays&quot;" class="BrekiTomasson\KewTest\KewTest" classname="BrekiTomasson.KewTest.KewTest" file="C:\Users\BTomasson\Desktop\Lab\Kew\test\KewTest.php" line="279" assertions="1" time="0.008419"/>
        <testcase name="testPop with data set &quot;objects&quot;" class="BrekiTomasson\KewTest\KewTest" classname="BrekiTomasson.KewTest.KewTest" file="C:\Users\BTomasson\Desktop\Lab\Kew\test\KewTest.php" line="279" assertions="1" time="0.008615"/>
      </testsuite>
      <testsuite name="BrekiTomasson\KewTest\KewTest::testTop" tests="5" assertions="10" errors="0" failures="0" skipped="0" time="0.034351">
        <testcase name="testTop with data set &quot;integers&quot;" class="BrekiTomasson\KewTest\KewTest" classname="BrekiTomasson.KewTest.KewTest" file="C:\Users\BTomasson\Desktop\Lab\Kew\test\KewTest.php" line="300" assertions="2" time="0.008316"/>
        <testcase name="testTop with data set &quot;floats&quot;" class="BrekiTomasson\KewTest\KewTest" classname="BrekiTomasson.KewTest.KewTest" file="C:\Users\BTomasson\Desktop\Lab\Kew\test\KewTest.php" line="300" assertions="2" time="0.006189"/>
        <testcase name="testTop with data set &quot;strings&quot;" class="BrekiTomasson\KewTest\KewTest" classname="BrekiTomasson.KewTest.KewTest" file="C:\Users\BTomasson\Desktop\Lab\Kew\test\KewTest.php" line="300" assertions="2" time="0.006237"/>
        <testcase name="testTop with data set &quot;arrays&quot;" class="BrekiTomasson\KewTest\KewTest" classname="BrekiTomasson.KewTest.KewTest" file="C:\Users\BTomasson\Desktop\Lab\Kew\test\KewTest.php" line="300" assertions="2" time="0.006628"/>
        <testcase name="testTop with data set &quot;objects&quot;" class="BrekiTomasson\KewTest\KewTest" classname="BrekiTomasson.KewTest.KewTest" file="C:\Users\BTomasson\Desktop\Lab\Kew\test\KewTest.php" line="300" assertions="2" time="0.006981"/>
      </testsuite>
      <testsuite name="BrekiTomasson\KewTest\KewTest::testNext" tests="5" assertions="10" errors="0" failures="0" skipped="0" time="0.033103">
        <testcase name="testNext with data set &quot;integers&quot;" class="BrekiTomasson\KewTest\KewTest" classname="BrekiTomasson.KewTest.KewTest" file="C:\Users\BTomasson\Desktop\Lab\Kew\test\KewTest.php" line="322" assertions="2" time="0.006471"/>
        <testcase name="testNext with data set &quot;floats&quot;" class="BrekiTomasson\KewTest\KewTest" classname="BrekiTomasson.KewTest.KewTest" file="C:\Users\BTomasson\Desktop\Lab\Kew\test\KewTest.php" line="322" assertions="2" time="0.006393"/>
        <testcase name="testNext with data set &quot;strings&quot;" class="BrekiTomasson\KewTest\KewTest" classname="BrekiTomasson.KewTest.KewTest" file="C:\Users\BTomasson\Desktop\Lab\Kew\test\KewTest.php" line="322" assertions="2" time="0.006406"/>
        <testcase name="testNext with data set &quot;arrays&quot;" class="BrekiTomasson\KewTest\KewTest" classname="BrekiTomasson.KewTest.KewTest" file="C:\Users\BTomasson\Desktop\Lab\Kew\test\KewTest.php" line="322" assertions="2" time="0.006727"/>
        <testcase name="testNext with data set &quot;objects&quot;" class="BrekiTomasson\KewTest\KewTest" classname="BrekiTomasson.KewTest.KewTest" file="C:\Users\BTomasson\Desktop\Lab\Kew\test\KewTest.php" line="322" assertions="2" time="0.007106"/>
      </testsuite>
      <testsuite name="BrekiTomasson\KewTest\KewTest::testAddMany" tests="5" assertions="20" errors="0" failures="0" skipped="0" time="0.035500">
        <testcase name="testAddMany with data set &quot;integers&quot;" class="BrekiTomasson\KewTest\KewTest" classname="BrekiTomasson.KewTest.KewTest" file="C:\Users\BTomasson\Desktop\Lab\Kew\test\KewTest.php" line="343" assertions="4" time="0.007128"/>
        <testcase name="testAddMany with data set &quot;floats&quot;" class="BrekiTomasson\KewTest\KewTest" classname="BrekiTomasson.KewTest.KewTest" file="C:\Users\BTomasson\Desktop\Lab\Kew\test\KewTest.php" line="343" assertions="4" time="0.007085"/>
        <testcase name="testAddMany with data set &quot;strings&quot;" class="BrekiTomasson\KewTest\KewTest" classname="BrekiTomasson.KewTest.KewTest" file="C:\Users\BTomasson\Desktop\Lab\Kew\test\KewTest.php" line="343" assertions="4" time="0.007025"/>
        <testcase name="testAddMany with data set &quot;arrays&quot;" class="BrekiTomasson\KewTest\KewTest" classname="BrekiTomasson.KewTest.KewTest" file="C:\Users\BTomasson\Desktop\Lab\Kew\test\KewTest.php" line="343" assertions="4" time="0.007360"/>
        <testcase name="testAddMany with data set &quot;objects&quot;" class="BrekiTomasson\KewTest\KewTest" classname="BrekiTomasson.KewTest.KewTest" file="C:\Users\BTomasson\Desktop\Lab\Kew\test\KewTest.php" line="343" assertions="4" time="0.006902"/>
      </testsuite>
      <testsuite name="BrekiTomasson\KewTest\KewTest::testCreateNextFIFO" tests="5" assertions="20" errors="0" failures="0" skipped="0" time="0.034964">
        <testcase name="testCreateNextFIFO with data set &quot;integers&quot;" class="BrekiTomasson\KewTest\KewTest" classname="BrekiTomasson.KewTest.KewTest" file="C:\Users\BTomasson\Desktop\Lab\Kew\test\KewTest.php" line="363" assertions="4" time="0.006793"/>
        <testcase name="testCreateNextFIFO with data set &quot;floats&quot;" class="BrekiTomasson\KewTest\KewTest" classname="BrekiTomasson.KewTest.KewTest" file="C:\Users\BTomasson\Desktop\Lab\Kew\test\KewTest.php" line="363" assertions="4" time="0.006751"/>
        <testcase name="testCreateNextFIFO with data set &quot;strings&quot;" class="BrekiTomasson\KewTest\KewTest" classname="BrekiTomasson.KewTest.KewTest" file="C:\Users\BTomasson\Desktop\Lab\Kew\test\KewTest.php" line="363" assertions="4" time="0.008672"/>
        <testcase name="testCreateNextFIFO with data set &quot;arrays&quot;" class="BrekiTomasson\KewTest\KewTest" classname="BrekiTomasson.KewTest.KewTest" file="C:\Users\BTomasson\Desktop\Lab\Kew\test\KewTest.php" line="363" assertions="4" time="0.006464"/>
        <testcase name="testCreateNextFIFO with data set &quot;objects&quot;" class="BrekiTomasson\KewTest\KewTest" classname="BrekiTomasson.KewTest.KewTest" file="C:\Users\BTomasson\Desktop\Lab\Kew\test\KewTest.php" line="363" assertions="4" time="0.006284"/>
      </testsuite>
      <testcase name="testFailGettingFromEmptyKew" class="BrekiTomasson\KewTest\KewTest" classname="BrekiTomasson.KewTest.KewTest" file="C:\Users\BTomasson\Desktop\Lab\Kew\test\KewTest.php" line="384" assertions="1" time="0.005785"/>
      <testcase name="testFailNextingFromEmptyKew" class="BrekiTomasson\KewTest\KewTest" classname="BrekiTomasson.KewTest.KewTest" file="C:\Users\BTomasson\Desktop\Lab\Kew\test\KewTest.php" line="394" assertions="1" time="0.005804"/>
      <testcase name="testSettingOptionThatDoesNotExist" class="BrekiTomasson\KewTest\KewTest" classname="BrekiTomasson.KewTest.KewTest" file="C:\Users\BTomasson\Desktop\Lab\Kew\test\KewTest.php" line="400" assertions="1" time="0.005430"/>
    </testsuite>
  </testsuite>
</testsuites>
